<?xml version="1.0" encoding="UTF-8"?>
<!-- Generated by org.testng.reporters.JUnitReportReporter -->
<testsuite hostname="DESKTOP-L53G3O5" failures="0" tests="1" name="YT.OpencartProperties" time="10.567" errors="0" timestamp="2022-01-23T22:40:45 AEDT" skipped="0">
  <testcase classname="YT.OpencartProperties" name="testGoogle" time="10.567"/>
  <system-out/>
</testsuite> <!-- YT.OpencartProperties -->
