<?xml version="1.0" encoding="UTF-8"?>
<!-- Generated by org.testng.reporters.JUnitReportReporter -->
<testsuite hostname="DESKTOP-L53G3O5" failures="0" tests="1" name="YT.Second" time="11.555" errors="0" timestamp="2022-01-22T15:59:04 AEDT" skipped="0">
  <testcase classname="YT.Second" name="calender" time="11.555"/>
  <system-out/>
</testsuite> <!-- YT.Second -->
