<?xml version="1.0" encoding="UTF-8"?>
<!-- Generated by org.testng.reporters.JUnitReportReporter -->
<testsuite hostname="DESKTOP-L53G3O5" failures="0" tests="1" name="YT.screenshot" time="7.210" errors="0" timestamp="2022-01-19T17:18:34 AEDT" skipped="0">
  <testcase classname="YT.screenshot" name="screen" time="7.210"/>
  <system-out/>
</testsuite> <!-- YT.screenshot -->
