<?xml version="1.0" encoding="UTF-8"?>
<!-- Generated by org.testng.reporters.JUnitReportReporter -->
<testsuite hostname="DESKTOP-L53G3O5" failures="0" tests="1" name="driverFactory.DriverScript" time="28.728" errors="0" timestamp="2022-01-30T04:35:14 AEDT" skipped="0">
  <testcase classname="driverFactory.DriverScript" name="runMacSearch" time="28.728"/>
  <system-out/>
</testsuite> <!-- driverFactory.DriverScript -->
